c:\temp\github\azure-sphere-samples\samples\uart\uart_highlevelapp\uart_highlevelapp\bin\arm\debug\uart_highlevelapp.out
c:\temp\github\azure-sphere-samples\samples\uart\uart_highlevelapp\uart_highlevelapp\obj\arm\debug\epoll_timerfd_utilities.o
c:\temp\github\azure-sphere-samples\samples\uart\uart_highlevelapp\uart_highlevelapp\obj\arm\debug\main.o
c:\temp\github\uart_highlevelapp\uart_highlevelapp\obj\arm\debug\parson.o
c:\temp\github\uart_highlevelapp\uart_highlevelapp\obj\arm\debug\epoll_timerfd_utilities.o
c:\temp\github\uart_highlevelapp\uart_highlevelapp\bin\arm\debug\uart_highlevelapp.out
c:\temp\github\uart_highlevelapp\uart_highlevelapp\obj\arm\debug\main.o
c:\temp\github\uart_highlevelapp\uart_highlevelapp\bin\arm\debug\approotuart_highlevelapp\app_manifest.json
c:\temp\github\uart_highlevelapp\uart_highlevelapp\bin\arm\debug\approotuart_highlevelapp\bin\app
c:\temp\github\uart_highlevelapp\uart_highlevelapp\bin\arm\debug\uart_highlevelapp.imagepackage
c:\temp\github\uart_highlevelapp\uart_highlevelapp\obj\arm\debug\uart_hig.1a0db47c.tlog\arm-poky-linux-musleabi-gcc-collect2-real-ld.read.1.tlog
c:\temp\github\uart_highlevelapp\uart_highlevelapp\obj\arm\debug\uart_hig.1a0db47c.tlog\arm-poky-linux-musleabi-gcc-collect2-real-ld.write.1.tlog
c:\temp\github\uart_highlevelapp\uart_highlevelapp\obj\arm\debug\uart_hig.1a0db47c.tlog\arm-poky-linux-musleabi-gcc-collect2.read.1.tlog
c:\temp\github\uart_highlevelapp\uart_highlevelapp\obj\arm\debug\uart_hig.1a0db47c.tlog\arm-poky-linux-musleabi-gcc-collect2.write.1.tlog
c:\temp\github\uart_highlevelapp\uart_highlevelapp\obj\arm\debug\uart_hig.1a0db47c.tlog\arm-poky-linux-musleabi-gcc.command.1.tlog
c:\temp\github\uart_highlevelapp\uart_highlevelapp\obj\arm\debug\uart_hig.1a0db47c.tlog\arm-poky-linux-musleabi-gcc.read.1.tlog
c:\temp\github\uart_highlevelapp\uart_highlevelapp\obj\arm\debug\uart_hig.1a0db47c.tlog\arm-poky-linux-musleabi-gcc.write.1.tlog
c:\temp\github\uart_highlevelapp\uart_highlevelapp\obj\arm\debug\uart_hig.1a0db47c.tlog\microsoft.build.linux.cross.tasks.compile.read.1.tlog
c:\temp\github\uart_highlevelapp\uart_highlevelapp\obj\arm\debug\uart_hig.1a0db47c.tlog\microsoft.build.linux.cross.tasks.compile.write.1.tlog
c:\temp\github\uart_highlevelapp\uart_highlevelapp\obj\arm\debug\uart_hig.1a0db47c.tlog\uart_highlevelapp-makeimage.read.1u.tlog
c:\temp\github\uart_highlevelapp\uart_highlevelapp\obj\arm\debug\uart_hig.1a0db47c.tlog\uart_highlevelapp-makeimage.write.1u.tlog
